0 info it worked if it ends with ok
1 verbose cli [ 'node', '/usr/local/bin/npm', 'install', 'jitsu', '-g' ]
2 info using npm@1.4.28
3 info using node@v0.10.33
4 verbose cache add [ 'jitsu', null ]
5 verbose cache add name=undefined spec="jitsu" args=["jitsu",null]
6 verbose parsed url { protocol: null,
6 verbose parsed url   slashes: null,
6 verbose parsed url   auth: null,
6 verbose parsed url   host: null,
6 verbose parsed url   port: null,
6 verbose parsed url   hostname: null,
6 verbose parsed url   hash: null,
6 verbose parsed url   search: null,
6 verbose parsed url   query: null,
6 verbose parsed url   pathname: 'jitsu',
6 verbose parsed url   path: 'jitsu',
6 verbose parsed url   href: 'jitsu' }
7 silly lockFile 9d81e68b-jitsu jitsu
8 verbose lock jitsu /Users/masondimarco/.npm/9d81e68b-jitsu.lock
9 silly lockFile 9d81e68b-jitsu jitsu
10 silly lockFile 9d81e68b-jitsu jitsu
11 verbose addNamed [ 'jitsu', '' ]
12 verbose addNamed [ null, '*' ]
13 silly lockFile e680b62f-jitsu jitsu@
14 verbose lock jitsu@ /Users/masondimarco/.npm/e680b62f-jitsu.lock
15 silly addNameRange { name: 'jitsu', range: '*', hasData: false }
16 verbose request where is /jitsu
17 verbose request registry https://registry.npmjs.org/
18 verbose request id 0377df6ba6e95ce6
19 verbose url raw /jitsu
20 verbose url resolving [ 'https://registry.npmjs.org/', './jitsu' ]
21 verbose url resolved https://registry.npmjs.org/jitsu
22 verbose request where is https://registry.npmjs.org/jitsu
23 info trying registry request attempt 1 at 15:47:39
24 http GET https://registry.npmjs.org/jitsu
25 http 200 https://registry.npmjs.org/jitsu
26 silly registry.get cb [ 200,
26 silly registry.get   { date: 'Wed, 11 Feb 2015 20:47:40 GMT',
26 silly registry.get     server: 'CouchDB/1.5.0 (Erlang OTP/R16B03)',
26 silly registry.get     etag: '"DARFXK3YOJN22IN2E4YAX9TBG"',
26 silly registry.get     'content-type': 'application/json',
26 silly registry.get     'cache-control': 'max-age=60',
26 silly registry.get     'content-length': '175890',
26 silly registry.get     'accept-ranges': 'bytes',
26 silly registry.get     via: '1.1 varnish',
26 silly registry.get     age: '0',
26 silly registry.get     'x-served-by': 'cache-atl6228-ATL',
26 silly registry.get     'x-cache': 'MISS',
26 silly registry.get     'x-cache-hits': '0',
26 silly registry.get     'x-timer': 'S1423687660.299984,VS0,VE125',
26 silly registry.get     vary: 'Accept',
26 silly registry.get     'keep-alive': 'timeout=10, max=50',
26 silly registry.get     connection: 'Keep-Alive' } ]
27 silly addNameRange number 2 { name: 'jitsu', range: '*', hasData: true }
28 silly addNameRange versions [ 'jitsu',
28 silly addNameRange   [ '0.4.14',
28 silly addNameRange     '0.4.15',
28 silly addNameRange     '0.4.16',
28 silly addNameRange     '0.5.0',
28 silly addNameRange     '0.5.0-1',
28 silly addNameRange     '0.6.0',
28 silly addNameRange     '0.6.1',
28 silly addNameRange     '0.6.1-1',
28 silly addNameRange     '0.6.2',
28 silly addNameRange     '0.6.3',
28 silly addNameRange     '0.7.0',
28 silly addNameRange     '0.7.0-1',
28 silly addNameRange     '0.7.0-2',
28 silly addNameRange     '0.7.1',
28 silly addNameRange     '0.7.2',
28 silly addNameRange     '0.7.2-1',
28 silly addNameRange     '0.7.3',
28 silly addNameRange     '0.7.4',
28 silly addNameRange     '0.7.4-1',
28 silly addNameRange     '0.7.5',
28 silly addNameRange     '0.7.6',
28 silly addNameRange     '0.7.6-1',
28 silly addNameRange     '0.7.7',
28 silly addNameRange     '0.7.7-1',
28 silly addNameRange     '0.7.7-2',
28 silly addNameRange     '0.7.100',
28 silly addNameRange     '0.8.0',
28 silly addNameRange     '0.8.1',
28 silly addNameRange     '0.8.2',
28 silly addNameRange     '0.8.2-1',
28 silly addNameRange     '0.8.3',
28 silly addNameRange     '0.8.4',
28 silly addNameRange     '0.8.4-1',
28 silly addNameRange     '0.8.5',
28 silly addNameRange     '0.8.5-1',
28 silly addNameRange     '0.8.6',
28 silly addNameRange     '0.8.7',
28 silly addNameRange     '0.8.8',
28 silly addNameRange     '0.8.9',
28 silly addNameRange     '0.9.0',
28 silly addNameRange     '0.9.1',
28 silly addNameRange     '0.9.2',
28 silly addNameRange     '0.9.3',
28 silly addNameRange     '0.9.4',
28 silly addNameRange     '0.9.5',
28 silly addNameRange     '0.9.6',
28 silly addNameRange     '0.9.7',
28 silly addNameRange     '0.9.8',
28 silly addNameRange     '0.10.0',
28 silly addNameRange     '0.10.1',
28 silly addNameRange     '0.10.2',
28 silly addNameRange     '0.10.3',
28 silly addNameRange     '0.10.3-1',
28 silly addNameRange     '0.10.3-2',
28 silly addNameRange     '0.10.4',
28 silly addNameRange     '0.10.5',
28 silly addNameRange     '0.11.0',
28 silly addNameRange     '0.11.1',
28 silly addNameRange     '0.11.2',
28 silly addNameRange     '0.11.3',
28 silly addNameRange     '0.11.4',
28 silly addNameRange     '0.11.5',
28 silly addNameRange     '0.11.6',
28 silly addNameRange     '0.11.7',
28 silly addNameRange     '0.12.0',
28 silly addNameRange     '0.12.1',
28 silly addNameRange     '0.12.2',
28 silly addNameRange     '0.12.3',
28 silly addNameRange     '0.12.4',
28 silly addNameRange     '0.12.5',
28 silly addNameRange     '0.12.6',
28 silly addNameRange     '0.12.6-1',
28 silly addNameRange     '0.12.7',
28 silly addNameRange     '0.12.8',
28 silly addNameRange     '0.12.9',
28 silly addNameRange     '0.12.10',
28 silly addNameRange     '0.12.10-1',
28 silly addNameRange     '0.12.10-2',
28 silly addNameRange     '0.12.11',
28 silly addNameRange     '0.12.12',
28 silly addNameRange     '0.12.13',
28 silly addNameRange     '0.12.14',
28 silly addNameRange     '0.12.15',
28 silly addNameRange     '0.13.0',
28 silly addNameRange     '0.13.1',
28 silly addNameRange     '0.13.2',
28 silly addNameRange     '0.13.3',
28 silly addNameRange     '0.13.4',
28 silly addNameRange     '0.13.5',
28 silly addNameRange     '0.13.6',
28 silly addNameRange     '0.13.7',
28 silly addNameRange     '0.13.8',
28 silly addNameRange     '0.13.9',
28 silly addNameRange     '0.13.10',
28 silly addNameRange     '0.13.11',
28 silly addNameRange     '0.13.12',
28 silly addNameRange     '0.13.13',
28 silly addNameRange     '0.13.14',
28 silly addNameRange     '0.13.15',
28 silly addNameRange     '0.13.16',
28 silly addNameRange     '0.13.17',
28 silly addNameRange     '0.13.18',
28 silly addNameRange     '0.14.0' ] ]
29 verbose addNamed [ 'jitsu', '0.14.0' ]
30 verbose addNamed [ '0.14.0', '0.14.0' ]
31 silly lockFile 0b9b3fad-jitsu-0-14-0 jitsu@0.14.0
32 verbose lock jitsu@0.14.0 /Users/masondimarco/.npm/0b9b3fad-jitsu-0-14-0.lock
33 silly lockFile 70f7b1c0-npmjs-org-jitsu-jitsu-0-14-0-tgz https://registry.npmjs.org/jitsu/-/jitsu-0.14.0.tgz
34 verbose lock https://registry.npmjs.org/jitsu/-/jitsu-0.14.0.tgz /Users/masondimarco/.npm/70f7b1c0-npmjs-org-jitsu-jitsu-0-14-0-tgz.lock
35 verbose addRemoteTarball [ 'https://registry.npmjs.org/jitsu/-/jitsu-0.14.0.tgz',
35 verbose addRemoteTarball   'c0e795f4085881ff6eb3b94da608015a2a898fb0' ]
36 info retry fetch attempt 1 at 15:47:40
37 verbose fetch to= /var/folders/ty/x7v6wh2x4qg2vbrmvr90rzhm0000gn/T/npm-48602-pTTtJ4ks/registry.npmjs.org/jitsu/-/jitsu-0.14.0.tgz
38 http GET https://registry.npmjs.org/jitsu/-/jitsu-0.14.0.tgz
39 http 200 https://registry.npmjs.org/jitsu/-/jitsu-0.14.0.tgz
40 silly lockFile 70f7b1c0-npmjs-org-jitsu-jitsu-0-14-0-tgz https://registry.npmjs.org/jitsu/-/jitsu-0.14.0.tgz
41 silly lockFile 70f7b1c0-npmjs-org-jitsu-jitsu-0-14-0-tgz https://registry.npmjs.org/jitsu/-/jitsu-0.14.0.tgz
42 silly lockFile 0b9b3fad-jitsu-0-14-0 jitsu@0.14.0
43 silly lockFile 0b9b3fad-jitsu-0-14-0 jitsu@0.14.0
44 silly lockFile e680b62f-jitsu jitsu@
45 silly lockFile e680b62f-jitsu jitsu@
46 silly resolved [ { name: 'jitsu',
46 silly resolved     description: 'Flawless command line deployment of Node.js apps to the cloud',
46 silly resolved     keywords:
46 silly resolved      [ 'cli',
46 silly resolved        'nodejitsu',
46 silly resolved        'cloud hosting',
46 silly resolved        'platform-as-a-service',
46 silly resolved        'deployment' ],
46 silly resolved     version: '0.14.0',
46 silly resolved     author: { name: 'Nodejitsu Inc.', email: 'info@nodejitsu.com' },
46 silly resolved     maintainers: [ [Object], [Object], [Object], [Object], [Object], [Object] ],
46 silly resolved     repository: { type: 'git', url: 'http://github.com/nodejitsu/jitsu.git' },
46 silly resolved     preferGlobal: true,
46 silly resolved     dependencies:
46 silly resolved      { canihaz: '1.0.1',
46 silly resolved        colors: '0.6.2',
46 silly resolved        complete: '0.3.1',
46 silly resolved        dateformat: '1.0.8-1.2.3',
46 silly resolved        flatiron: '0.3.11',
46 silly resolved        'flatiron-cli-config': '0.1.4',
46 silly resolved        'flatiron-cli-users': '0.1.10',
46 silly resolved        fstream: '0.1.25',
46 silly resolved        'fstream-npm': '0.1.6',
46 silly resolved        ladder: '0.0.1',
46 silly resolved        'nodejitsu-api': '0.6.4',
46 silly resolved        opener: '1.4.x',
46 silly resolved        pkginfo: '0.3.0',
46 silly resolved        progress: '0.1.0',
46 silly resolved        request: '2.42.0',
46 silly resolved        'require-analyzer': '0.5.0',
46 silly resolved        'spawn-command': '0.0.2',
46 silly resolved        semver: '1.0.14',
46 silly resolved        tar: '0.1.18',
46 silly resolved        wizard: '0.0.1' },
46 silly resolved     canihaz: { npm: '1.3.15' },
46 silly resolved     devDependencies: { nock: '0.46.x', vows: '0.7.x' },
46 silly resolved     bin: { jitsu: './bin/jitsu' },
46 silly resolved     main: './lib/jitsu',
46 silly resolved     scripts: { test: 'vows test/commands/*-test.js test/lib/*-test.js --spec -i' },
46 silly resolved     engines: { node: '>= 0.6.0' },
46 silly resolved     license: 'MIT',
46 silly resolved     gitHead: 'f7985bc74a20c9e4cf6b11962e8afa606732b667',
46 silly resolved     bugs: { url: 'https://github.com/nodejitsu/jitsu/issues' },
46 silly resolved     homepage: 'https://github.com/nodejitsu/jitsu',
46 silly resolved     _id: 'jitsu@0.14.0',
46 silly resolved     _shasum: 'c0e795f4085881ff6eb3b94da608015a2a898fb0',
46 silly resolved     _from: 'jitsu@',
46 silly resolved     _npmVersion: '1.4.23',
46 silly resolved     _npmUser: { name: 'swaagie', email: 'info@martijnswaagman.nl' },
46 silly resolved     dist:
46 silly resolved      { shasum: 'c0e795f4085881ff6eb3b94da608015a2a898fb0',
46 silly resolved        tarball: 'http://registry.npmjs.org/jitsu/-/jitsu-0.14.0.tgz' },
46 silly resolved     directories: {},
46 silly resolved     _resolved: 'https://registry.npmjs.org/jitsu/-/jitsu-0.14.0.tgz' } ]
47 info install jitsu@0.14.0 into /usr/local/lib
48 info installOne jitsu@0.14.0
49 verbose lib/node_modules/jitsu unbuild
50 verbose tar unpack /Users/masondimarco/.npm/jitsu/0.14.0/package.tgz
51 silly lockFile 0ce65918-usr-local-lib-node-modules-jitsu tar:///usr/local/lib/node_modules/jitsu
52 verbose lock tar:///usr/local/lib/node_modules/jitsu /Users/masondimarco/.npm/0ce65918-usr-local-lib-node-modules-jitsu.lock
53 silly lockFile ef3b60cd-rco-npm-jitsu-0-14-0-package-tgz tar:///Users/masondimarco/.npm/jitsu/0.14.0/package.tgz
54 verbose lock tar:///Users/masondimarco/.npm/jitsu/0.14.0/package.tgz /Users/masondimarco/.npm/ef3b60cd-rco-npm-jitsu-0-14-0-package-tgz.lock
55 silly gunzTarPerm modes [ '755', '644' ]
56 error Error: EACCES, mkdir '/usr/local/lib/node_modules/jitsu'
56 error  { [Error: EACCES, mkdir '/usr/local/lib/node_modules/jitsu']
56 error   errno: 3,
56 error   code: 'EACCES',
56 error   path: '/usr/local/lib/node_modules/jitsu',
56 error   fstream_type: 'Directory',
56 error   fstream_path: '/usr/local/lib/node_modules/jitsu',
56 error   fstream_class: 'DirWriter',
56 error   fstream_stack:
56 error    [ '/usr/local/lib/node_modules/npm/node_modules/fstream/lib/dir-writer.js:36:23',
56 error      '/usr/local/lib/node_modules/npm/node_modules/mkdirp/index.js:46:53',
56 error      'Object.oncomplete (fs.js:107:15)' ] }
57 error Please try running this command again as root/Administrator.
58 error System Darwin 13.4.0
59 error command "node" "/usr/local/bin/npm" "install" "jitsu" "-g"
60 error cwd /Users/masondimarco/Desktop/berbmail
61 error node -v v0.10.33
62 error npm -v 1.4.28
63 error path /usr/local/lib/node_modules/jitsu
64 error fstream_path /usr/local/lib/node_modules/jitsu
65 error fstream_type Directory
66 error fstream_class DirWriter
67 error code EACCES
68 error errno 3
69 error stack Error: EACCES, mkdir '/usr/local/lib/node_modules/jitsu'
70 error fstream_stack /usr/local/lib/node_modules/npm/node_modules/fstream/lib/dir-writer.js:36:23
70 error fstream_stack /usr/local/lib/node_modules/npm/node_modules/mkdirp/index.js:46:53
70 error fstream_stack Object.oncomplete (fs.js:107:15)
71 verbose exit [ 3, true ]
